#
# A fatal error has been detected by the Java Runtime Environment:
#
#  EXCEPTION_ACCESS_VIOLATION (0xc0000005) at pc=0x00007ffadf81dd9a, pid=10684, tid=1672
#
# JRE version: Java(TM) SE Runtime Environment (17.0.3.1+2) (build 17.0.3.1+2-LTS-6)
# Java VM: Java HotSpot(TM) 64-Bit Server VM (17.0.3.1+2-LTS-6, mixed mode, sharing, tiered, compressed oops, compressed class ptrs, g1 gc, windows-amd64)
# Problematic frame:
# V  [jvm.dll+0x73dd9a]
#
# No core dump will be written. Minidumps are not enabled by default on client versions of Windows
#
# If you would like to submit a bug report, please visit:
#   https://bugreport.java.com/bugreport/crash.jsp
#

---------------  S U M M A R Y ------------

Command Line: -XX:+ShowCodeDetailsInExceptionMessages -agentlib:jdwp=transport=dt_socket,suspend=y,address=localhost:28142 -ea -javaagent:D:\Programs\Java\eclipse\eclipse\configuration\org.eclipse.osgi\225\0\.cp\lib\javaagent-shaded.jar -Dfile.encoding=Cp1251 org.eclipse.jdt.internal.junit.runner.RemoteTestRunner -version 3 -port 28141 -testLoaderClass org.eclipse.jdt.internal.junit5.runner.JUnit5TestLoader -loaderpluginname org.eclipse.jdt.junit5.runtime -classNames telran.text.tests.StringsTests

Host: Intel(R) Core(TM) i5-4210U CPU @ 1.70GHz, 4 cores, 7G,  Windows 10 , 64 bit Build 19041 (10.0.19041.1806)
Time: Sat Jul 23 19:11:32 2022 Jerusalem Daylight Time elapsed time: 311.863090 seconds (0d 0h 5m 11s)

---------------  T H R E A D  ---------------

Current thread (0x000001ea16596ff0):  JavaThread "JDWP Transport Listener: dt_socket" daemon [_thread_in_vm, id=1672, stack(0x000000c986900000,0x000000c986a00000)]

Stack: [0x000000c986900000,0x000000c986a00000],  sp=0x000000c9869ff790,  free space=1021k
Native frames: (J=compiled Java code, j=interpreted, Vv=VM code, C=native code)
V  [jvm.dll+0x73dd9a]
V  [jvm.dll+0x5050bc]
V  [jvm.dll+0x4d09d4]
C  [jdwp.dll+0x22e9f]


siginfo: EXCEPTION_ACCESS_VIOLATION (0xc0000005), reading address 0x0000000000440047


Register to memory mapping:

RIP=0x00007ffadf81dd9a jvm.dll
RAX=0x0000000000000045 is an unknown value
RBX=0x000001ea15a2eb1a points into unknown readable memory: 3b 00 6c 3b 00 74
RCX=0x0000000000440043 is an unknown value
RDX=0x000001ea171affd0 points into unknown readable memory: 0x2f6e61726c65744c | 4c 74 65 6c 72 61 6e 2f
RSP=0x000000c9869ff790 is pointing into the stack for thread: 0x000001ea16596ff0
RBP=0x000001ea16555480 points into unknown readable memory: 0x0000000000000002 | 02 00 00 00 00 00 00 00
RSI=0x0 is NULL
RDI=0xffffffffffffffff is an unknown value
R8 =0x00000000000001cf is an unknown value
R9 =0x000000000000003d is an unknown value
R10=0x00000000000001c0 is an unknown value
R11=0x000000c9869ff7b0 is pointing into the stack for thread: 0x000001ea16596ff0
R12=0x000000c9869ff8e8 is pointing into the stack for thread: 0x000001ea16596ff0
R13=0x0 is NULL
R14=0x0000000800cd0ee8 is a pointer to class: 
telran.text.comparators.datesComparator {0x0000000800cd0ef0}
 - instance size:     2
 - klass size:        84
 - access:            public synchronized 
 - state:             fully_initialized
 - name:              'telran/text/comparators/datesComparator'
 - super:             'java/lang/Object'
 - sub:               
 - arrays:            NULL
 - methods:           Array<T>(0x000001ea162313f0)
 - method ordering:   Array<T>(0x000001ea162316b8)
 - default_methods:   Array<T>(0x000001ea16230e20)
 - default vtable indices:   Array<T>(0x000001ea16230e60)
 - local interfaces:  Array<T>(0x000001ea16230b90)
 - trans. interfaces: Array<T>(0x000001ea16230b90)
 - constants:         constant pool [78] {0x000001ea16231c60} for 'telran/text/comparators/datesComparator' cache=0x000001ea16231f50
 - class loader data:  loader data: 0x000001ea16434c10 for instance a 'jdk/internal/loader/ClassLoaders$AppClassLoader'{0x0000000081200310}
 - source file:       'datesComparator.java'
 - source debug extension:       SMAP
datesComparator.java
Java
*S jdt
*F
1 datesComparator.java
2 file:/D:/Programs/Java/eclipse-workspace/java-oop/bin/
*L
*E

 - class annotations:       Array<T>(0x0000000000000000)
 - class type annotations:  Array<T>(0x0000000000000000)
 - field annotations:       Array<T>(0x0000000000000000)
 - field type annotations:  Array<T>(0x0000000000000000)
 - previous version:  constant pool [58] {0x000001ea16230948} for 'telran/text/comparators/datesComparator' (extra) cache=0x000001ea16230e80
 - generic signature: '
[error occurred during error reporting (printing register info), id 0xc0000005, EXCEPTION_ACCESS_VIOLATION (0xc0000005) at pc=0x00007ffadf81e9a6]

Registers:
RAX=0x0000000000000045, RBX=0x000001ea15a2eb1a, RCX=0x0000000000440043, RDX=0x000001ea171affd0
RSP=0x000000c9869ff790, RBP=0x000001ea16555480, RSI=0x0000000000000000, RDI=0xffffffffffffffff
R8 =0x00000000000001cf, R9 =0x000000000000003d, R10=0x00000000000001c0, R11=0x000000c9869ff7b0
R12=0x000000c9869ff8e8, R13=0x0000000000000000, R14=0x0000000800cd0ee8, R15=0x000000c9869ff938
RIP=0x00007ffadf81dd9a, EFLAGS=0x0000000000010206

Top of Stack: (sp=0x000000c9869ff790)
0x000000c9869ff790:   0000000000000027 0000000800cd0ee8
0x000000c9869ff7a0:   000001ea16596ff0 0000000000000000
0x000000c9869ff7b0:   ffffffffffffffff 00007ffadf5e50bc
0x000000c9869ff7c0:   000001ea15a2eb1a 000001ea15a2eaf0
0x000000c9869ff7d0:   000001ea16555480 000001ea16fdaaa0
0x000000c9869ff7e0:   000001ea15a2eab0 00000000000003d8
0x000000c9869ff7f0:   000001ea15a2eac0 000001ea15a2ee98
0x000000c9869ff800:   0000000000000002 000000c9869ff8e8
0x000000c9869ff810:   0000000000000000 0000000000000000
0x000000c9869ff820:   000000008864b810 00007ffadf5b09d4
0x000000c9869ff830:   000001ea16596ff0 000000c9869ff938
0x000000c9869ff840:   000001ea780d7d80 000000c9869ff938
0x000000c9869ff850:   000001ea16596ff0 0000000000000000
0x000000c9869ff860:   000001ea00000000 0000000000000000
0x000000c9869ff870:   000000000000000d 00007ffb32f42e9f
0x000000c9869ff880:   000000c9869ff930 00007ffb32f51830 

Instructions: (pc=0x00007ffadf81dd9a)
0x00007ffadf81dc9a:   48 83 c4 20 5f e9 4c 6e 96 ff cc cc cc cc cc cc
0x00007ffadf81dcaa:   cc cc cc cc cc cc 48 89 5c 24 08 57 48 83 ec 20
0x00007ffadf81dcba:   83 fa 02 8d 42 06 b9 08 00 00 00 49 8b d8 0f 4e
0x00007ffadf81dcca:   c1 48 63 c8 48 83 c1 07 83 e1 f8 48 63 f9 49 8b
0x00007ffadf81dcda:   48 18 48 8b c7 48 f7 d0 48 3b c1 73 16 4c 8d 05
0x00007ffadf81dcea:   6a 4b 17 00 48 8b d7 48 8b cb e8 57 d1 96 ff 48
0x00007ffadf81dcfa:   8b 4b 18 48 8d 04 39 48 3b 43 20 76 18 45 33 c0
0x00007ffadf81dd0a:   48 8b d7 48 8b cb 48 8b 5c 24 30 48 83 c4 20 5f
0x00007ffadf81dd1a:   e9 b1 cd 96 ff 48 89 43 18 48 8b c1 48 8b 5c 24
0x00007ffadf81dd2a:   30 48 83 c4 20 5f c3 cc cc cc cc cc cc cc cc cc
0x00007ffadf81dd3a:   cc cc cc cc cc cc 4c 8b d2 4c 8b d9 45 85 c0 7e
0x00007ffadf81dd4a:   3c 44 0f b7 49 04 41 8d 40 ff 41 3b c1 44 0f 4c
0x00007ffadf81dd5a:   c8 4d 63 c1 45 85 c9 7e 1f 48 8b c2 4c 2b da 49
0x00007ffadf81dd6a:   8b d0 0f 1f 40 00 41 0f b6 4c 03 06 88 08 48 8d
0x00007ffadf81dd7a:   40 01 48 83 ea 01 75 ee 43 c6 04 10 00 49 8b c2
0x00007ffadf81dd8a:   c3 cc cc cc cc cc 48 89 5c 24 08 57 48 83 ec 20
0x00007ffadf81dd9a:   0f b7 59 04 48 8b f9 33 d2 48 8d 4b 01 e8 14 96
0x00007ffadf81ddaa:   f8 ff 0f b7 57 04 4c 8b c0 3b da 0f 42 d3 44 8b
0x00007ffadf81ddba:   ca 85 d2 74 39 48 2b f8 0f 1f 40 00 66 66 0f 1f
0x00007ffadf81ddca:   84 00 00 00 00 00 0f b6 4c 07 06 88 08 48 ff c0
0x00007ffadf81ddda:   48 8b c8 49 2b c8 49 3b c9 7c eb 42 c6 04 02 00
0x00007ffadf81ddea:   49 8b c0 48 8b 5c 24 30 48 83 c4 20 5f c3 48 8b
0x00007ffadf81ddfa:   5c 24 30 c6 04 02 00 48 83 c4 20 5f c3 cc cc cc
0x00007ffadf81de0a:   cc cc cc cc cc cc 4c 8b d1 45 85 c0 7e 6c 44 0f
0x00007ffadf81de1a:   b7 49 04 41 8d 40 ff 41 3b c1 44 0f 4c c8 4d 63
0x00007ffadf81de2a:   d9 45 85 c9 7e 22 48 8b ca 4c 2b d2 4d 8b c3 0f
0x00007ffadf81de3a:   1f 80 00 00 00 00 41 0f b6 44 0a 06 88 01 48 8d
0x00007ffadf81de4a:   49 01 49 83 e8 01 75 ee 41 c6 04 13 00 48 c7 c0
0x00007ffadf81de5a:   ff ff ff ff 66 90 48 ff c0 80 3c 02 00 75 f7 48
0x00007ffadf81de6a:   63 c8 85 c0 48 8b c2 7e 14 80 38 2f 75 03 c6 00
0x00007ffadf81de7a:   2e 48 ff c0 48 83 e9 01 75 ef 48 8b c2 c3 cc cc
0x00007ffadf81de8a:   cc cc cc cc cc cc 48 83 ec 28 e8 f7 fe ff ff 4c 


Stack slot to memory mapping:
stack at sp + 0 slots: 0x0000000000000027 is an unknown value
stack at sp + 1 slots: 0x0000000800cd0ee8 is a pointer to class: 
telran.text.comparators.datesComparator {0x0000000800cd0ef0}
 - instance size:     2
 - klass size:        84
 - access:            public synchronized 
 - state:             fully_initialized
 - name:              'telran/text/comparators/datesComparator'
 - super:             'java/lang/Object'
 - sub:               
 - arrays:            NULL
 - methods:           Array<T>(0x000001ea162313f0)
 - method ordering:   Array<T>(0x000001ea162316b8)
 - default_methods:   Array<T>(0x000001ea16230e20)
 - default vtable indices:   Array<T>(0x000001ea16230e60)
 - local interfaces:  Array<T>(0x000001ea16230b90)
 - trans. interfaces: Array<T>(0x000001ea16230b90)
 - constants:         constant pool [78] {0x000001ea16231c60} for 'telran/text/comparators/datesComparator' cache=0x000001ea16231f50
 - class loader data:  loader data: 0x000001ea16434c10 for instance a 'jdk/internal/loader/ClassLoaders$AppClassLoader'{0x0000000081200310}
 - source file:       'datesComparator.java'
 - source debug extension:       SMAP
datesComparator.java
Java
*S jdt
*F
1 datesComparator.java
2 file:/D:/Programs/Java/eclipse-workspace/java-oop/bin/
*L
*E

 - class annotations:       Array<T>(0x0000000000000000)
 - class type annotations:  Array<T>(0x0000000000000000)
 - field annotations:       Array<T>(0x0000000000000000)
 - field type annotations:  Array<T>(0x0000000000000000)
 - previous version:  constant pool [58] {0x000001ea16230948} for 'telran/text/comparators/datesComparator' (extra) cache=0x000001ea16230e80
 - generic signature: '
[error occurred during error reporting (inspecting top of stack), id 0xc0000005, EXCEPTION_ACCESS_VIOLATION (0xc0000005) at pc=0x00007ffadf81e9a6]


---------------  P R O C E S S  ---------------

Threads class SMR info:
_java_thread_list=0x000001ea16fda5c0, length=15, elements={
0x000001ea780e9e60, 0x000001ea159ebeb0, 0x000001ea159ee940, 0x000001ea159ff650,
0x000001ea15a00000, 0x000001ea15a009b0, 0x000001ea15a01360, 0x000001ea15a02040,
0x000001ea15a76800, 0x000001ea15a79220, 0x000001ea164185a0, 0x000001ea16596ff0,
0x000001ea16599090, 0x000001ea16599580, 0x000001ea166c5d30
}

Java Threads: ( => current thread )
  0x000001ea780e9e60 JavaThread "main" [_thread_blocked, id=3352, stack(0x000000c985800000,0x000000c985900000)]
  0x000001ea159ebeb0 JavaThread "Reference Handler" daemon [_thread_blocked, id=11728, stack(0x000000c985f00000,0x000000c986000000)]
  0x000001ea159ee940 JavaThread "Finalizer" daemon [_thread_blocked, id=15140, stack(0x000000c986000000,0x000000c986100000)]
  0x000001ea159ff650 JavaThread "Signal Dispatcher" daemon [_thread_blocked, id=14348, stack(0x000000c986100000,0x000000c986200000)]
  0x000001ea15a00000 JavaThread "Attach Listener" daemon [_thread_blocked, id=12848, stack(0x000000c986200000,0x000000c986300000)]
  0x000001ea15a009b0 JavaThread "Service Thread" daemon [_thread_blocked, id=14352, stack(0x000000c986300000,0x000000c986400000)]
  0x000001ea15a01360 JavaThread "Monitor Deflation Thread" daemon [_thread_blocked, id=12804, stack(0x000000c986400000,0x000000c986500000)]
  0x000001ea15a02040 JavaThread "C2 CompilerThread0" daemon [_thread_blocked, id=4956, stack(0x000000c986500000,0x000000c986600000)]
  0x000001ea15a76800 JavaThread "C1 CompilerThread0" daemon [_thread_blocked, id=15208, stack(0x000000c986600000,0x000000c986700000)]
  0x000001ea15a79220 JavaThread "Sweeper thread" daemon [_thread_blocked, id=2996, stack(0x000000c986700000,0x000000c986800000)]
  0x000001ea164185a0 JavaThread "Common-Cleaner" daemon [_thread_blocked, id=11536, stack(0x000000c986800000,0x000000c986900000)]
=>0x000001ea16596ff0 JavaThread "JDWP Transport Listener: dt_socket" daemon [_thread_in_vm, id=1672, stack(0x000000c986900000,0x000000c986a00000)]
  0x000001ea16599090 JavaThread "JDWP Event Helper Thread" daemon [_thread_blocked, id=15256, stack(0x000000c986a00000,0x000000c986b00000)]
  0x000001ea16599580 JavaThread "JDWP Command Reader" daemon [_thread_in_native, id=1468, stack(0x000000c986b00000,0x000000c986c00000)]
  0x000001ea166c5d30 JavaThread "Notification Thread" daemon [_thread_blocked, id=3532, stack(0x000000c986c00000,0x000000c986d00000)]

Other Threads:
  0x000001ea159e6b80 VMThread "VM Thread" [stack: 0x000000c985e00000,0x000000c985f00000] [id=11640]
  0x000001ea780eac20 WatcherThread [stack: 0x000000c986d00000,0x000000c986e00000] [id=11240]
  0x000001ea781428a0 GCTaskThread "GC Thread#0" [stack: 0x000000c985900000,0x000000c985a00000] [id=4016]
  0x000001ea16d089a0 GCTaskThread "GC Thread#1" [stack: 0x000000c986f00000,0x000000c987000000] [id=10092]
  0x000001ea16fb6fe0 GCTaskThread "GC Thread#2" [stack: 0x000000c987000000,0x000000c987100000] [id=320]
  0x000001ea16f9b8e0 GCTaskThread "GC Thread#3" [stack: 0x000000c987100000,0x000000c987200000] [id=5336]
  0x000001ea781535a0 ConcurrentGCThread "G1 Main Marker" [stack: 0x000000c985a00000,0x000000c985b00000] [id=12940]
  0x000001ea78154820 ConcurrentGCThread "G1 Conc#0" [stack: 0x000000c985b00000,0x000000c985c00000] [id=6796]
  0x000001ea781b1a70 ConcurrentGCThread "G1 Refine#0" [stack: 0x000000c985c00000,0x000000c985d00000] [id=9336]
  0x000001ea158b20b0 ConcurrentGCThread "G1 Service" [stack: 0x000000c985d00000,0x000000c985e00000] [id=14372]

Threads with active compile tasks:

VM state: not at safepoint (normal execution)

VM Mutex/Monitor currently owned by a thread: None

Heap address: 0x0000000081200000, size: 2030 MB, Compressed Oops mode: 32-bit

CDS archive(s) mapped at: [0x0000000800000000-0x0000000800bc0000-0x0000000800bc0000), size 12320768, SharedBaseAddress: 0x0000000800000000, ArchiveRelocationMode: 0.
Compressed class space mapped at: 0x0000000800c00000-0x0000000840c00000, reserved size: 1073741824
Narrow klass base: 0x0000000800000000, Narrow klass shift: 0, Narrow klass range: 0x100000000

GC Precious Log:
 CPUs: 4 total, 4 available
 Memory: 8119M
 Large Page Support: Disabled
 NUMA Support: Disabled
 Compressed Oops: Enabled (32-bit)
 Heap Region Size: 1M
 Heap Min Capacity: 8M
 Heap Initial Capacity: 128M
 Heap Max Capacity: 2030M
 Pre-touch: Disabled
 Parallel Workers: 4
 Concurrent Workers: 1
 Concurrent Refinement Workers: 4
 Periodic GC: Disabled

Heap:
 garbage-first heap   total 131072K, used 14278K [0x0000000081200000, 0x0000000100000000)
  region size 1024K, 13 young (13312K), 1 survivors (1024K)
 Metaspace       used 7002K, committed 7296K, reserved 1056768K
  class space    used 814K, committed 960K, reserved 1048576K

Heap Regions: E=young(eden), S=young(survivor), O=old, HS=humongous(starts), HC=humongous(continues), CS=collection set, F=free, OA=open archive, CA=closed archive, TAMS=top-at-mark-start (previous, next)
|   0|0x0000000081200000, 0x0000000081300000, 0x0000000081300000|100%| O|  |TAMS 0x0000000081200000, 0x0000000081200000| Untracked 
|   1|0x0000000081300000, 0x00000000813f4400, 0x0000000081400000| 95%| O|  |TAMS 0x0000000081300000, 0x0000000081300000| Untracked 
|   2|0x0000000081400000, 0x0000000081400000, 0x0000000081500000|  0%| F|  |TAMS 0x0000000081400000, 0x0000000081400000| Untracked 
|   3|0x0000000081500000, 0x0000000081500000, 0x0000000081600000|  0%| F|  |TAMS 0x0000000081500000, 0x0000000081500000| Untracked 
|   4|0x0000000081600000, 0x0000000081600000, 0x0000000081700000|  0%| F|  |TAMS 0x0000000081600000, 0x0000000081600000| Untracked 
|   5|0x0000000081700000, 0x0000000081700000, 0x0000000081800000|  0%| F|  |TAMS 0x0000000081700000, 0x0000000081700000| Untracked 
|   6|0x0000000081800000, 0x0000000081800000, 0x0000000081900000|  0%| F|  |TAMS 0x0000000081800000, 0x0000000081800000| Untracked 
|   7|0x0000000081900000, 0x0000000081900000, 0x0000000081a00000|  0%| F|  |TAMS 0x0000000081900000, 0x0000000081900000| Untracked 
|   8|0x0000000081a00000, 0x0000000081a00000, 0x0000000081b00000|  0%| F|  |TAMS 0x0000000081a00000, 0x0000000081a00000| Untracked 
|   9|0x0000000081b00000, 0x0000000081b00000, 0x0000000081c00000|  0%| F|  |TAMS 0x0000000081b00000, 0x0000000081b00000| Untracked 
|  10|0x0000000081c00000, 0x0000000081c00000, 0x0000000081d00000|  0%| F|  |TAMS 0x0000000081c00000, 0x0000000081c00000| Untracked 
|  11|0x0000000081d00000, 0x0000000081d00000, 0x0000000081e00000|  0%| F|  |TAMS 0x0000000081d00000, 0x0000000081d00000| Untracked 
|  12|0x0000000081e00000, 0x0000000081e00000, 0x0000000081f00000|  0%| F|  |TAMS 0x0000000081e00000, 0x0000000081e00000| Untracked 
|  13|0x0000000081f00000, 0x0000000081f00000, 0x0000000082000000|  0%| F|  |TAMS 0x0000000081f00000, 0x0000000081f00000| Untracked 
|  14|0x0000000082000000, 0x0000000082000000, 0x0000000082100000|  0%| F|  |TAMS 0x0000000082000000, 0x0000000082000000| Untracked 
|  15|0x0000000082100000, 0x0000000082100000, 0x0000000082200000|  0%| F|  |TAMS 0x0000000082100000, 0x0000000082100000| Untracked 
|  16|0x0000000082200000, 0x0000000082200000, 0x0000000082300000|  0%| F|  |TAMS 0x0000000082200000, 0x0000000082200000| Untracked 
|  17|0x0000000082300000, 0x0000000082300000, 0x0000000082400000|  0%| F|  |TAMS 0x0000000082300000, 0x0000000082300000| Untracked 
|  18|0x0000000082400000, 0x0000000082400000, 0x0000000082500000|  0%| F|  |TAMS 0x0000000082400000, 0x0000000082400000| Untracked 
|  19|0x0000000082500000, 0x0000000082500000, 0x0000000082600000|  0%| F|  |TAMS 0x0000000082500000, 0x0000000082500000| Untracked 
|  20|0x0000000082600000, 0x0000000082600000, 0x0000000082700000|  0%| F|  |TAMS 0x0000000082600000, 0x0000000082600000| Untracked 
|  21|0x0000000082700000, 0x0000000082700000, 0x0000000082800000|  0%| F|  |TAMS 0x0000000082700000, 0x0000000082700000| Untracked 
|  22|0x0000000082800000, 0x0000000082800000, 0x0000000082900000|  0%| F|  |TAMS 0x0000000082800000, 0x0000000082800000| Untracked 
|  23|0x0000000082900000, 0x0000000082900000, 0x0000000082a00000|  0%| F|  |TAMS 0x0000000082900000, 0x0000000082900000| Untracked 
|  24|0x0000000082a00000, 0x0000000082a00000, 0x0000000082b00000|  0%| F|  |TAMS 0x0000000082a00000, 0x0000000082a00000| Untracked 
|  25|0x0000000082b00000, 0x0000000082b00000, 0x0000000082c00000|  0%| F|  |TAMS 0x0000000082b00000, 0x0000000082b00000| Untracked 
|  26|0x0000000082c00000, 0x0000000082c00000, 0x0000000082d00000|  0%| F|  |TAMS 0x0000000082c00000, 0x0000000082c00000| Untracked 
|  27|0x0000000082d00000, 0x0000000082d00000, 0x0000000082e00000|  0%| F|  |TAMS 0x0000000082d00000, 0x0000000082d00000| Untracked 
|  28|0x0000000082e00000, 0x0000000082e00000, 0x0000000082f00000|  0%| F|  |TAMS 0x0000000082e00000, 0x0000000082e00000| Untracked 
|  29|0x0000000082f00000, 0x0000000082f00000, 0x0000000083000000|  0%| F|  |TAMS 0x0000000082f00000, 0x0000000082f00000| Untracked 
|  30|0x0000000083000000, 0x0000000083000000, 0x0000000083100000|  0%| F|  |TAMS 0x0000000083000000, 0x0000000083000000| Untracked 
|  31|0x0000000083100000, 0x0000000083100000, 0x0000000083200000|  0%| F|  |TAMS 0x0000000083100000, 0x0000000083100000| Untracked 
|  32|0x0000000083200000, 0x0000000083200000, 0x0000000083300000|  0%| F|  |TAMS 0x0000000083200000, 0x0000000083200000| Untracked 
|  33|0x0000000083300000, 0x0000000083300000, 0x0000000083400000|  0%| F|  |TAMS 0x0000000083300000, 0x0000000083300000| Untracked 
|  34|0x0000000083400000, 0x0000000083400000, 0x0000000083500000|  0%| F|  |TAMS 0x0000000083400000, 0x0000000083400000| Untracked 
|  35|0x0000000083500000, 0x0000000083500000, 0x0000000083600000|  0%| F|  |TAMS 0x0000000083500000, 0x0000000083500000| Untracked 
|  36|0x0000000083600000, 0x0000000083600000, 0x0000000083700000|  0%| F|  |TAMS 0x0000000083600000, 0x0000000083600000| Untracked 
|  37|0x0000000083700000, 0x0000000083700000, 0x0000000083800000|  0%| F|  |TAMS 0x0000000083700000, 0x0000000083700000| Untracked 
|  38|0x0000000083800000, 0x0000000083800000, 0x0000000083900000|  0%| F|  |TAMS 0x0000000083800000, 0x0000000083800000| Untracked 
|  39|0x0000000083900000, 0x0000000083900000, 0x0000000083a00000|  0%| F|  |TAMS 0x0000000083900000, 0x0000000083900000| Untracked 
|  40|0x0000000083a00000, 0x0000000083a00000, 0x0000000083b00000|  0%| F|  |TAMS 0x0000000083a00000, 0x0000000083a00000| Untracked 
|  41|0x0000000083b00000, 0x0000000083b00000, 0x0000000083c00000|  0%| F|  |TAMS 0x0000000083b00000, 0x0000000083b00000| Untracked 
|  42|0x0000000083c00000, 0x0000000083c00000, 0x0000000083d00000|  0%| F|  |TAMS 0x0000000083c00000, 0x0000000083c00000| Untracked 
|  43|0x0000000083d00000, 0x0000000083d00000, 0x0000000083e00000|  0%| F|  |TAMS 0x0000000083d00000, 0x0000000083d00000| Untracked 
|  44|0x0000000083e00000, 0x0000000083e00000, 0x0000000083f00000|  0%| F|  |TAMS 0x0000000083e00000, 0x0000000083e00000| Untracked 
|  45|0x0000000083f00000, 0x0000000083f00000, 0x0000000084000000|  0%| F|  |TAMS 0x0000000083f00000, 0x0000000083f00000| Untracked 
|  46|0x0000000084000000, 0x0000000084000000, 0x0000000084100000|  0%| F|  |TAMS 0x0000000084000000, 0x0000000084000000| Untracked 
|  47|0x0000000084100000, 0x0000000084100000, 0x0000000084200000|  0%| F|  |TAMS 0x0000000084100000, 0x0000000084100000| Untracked 
|  48|0x0000000084200000, 0x0000000084200000, 0x0000000084300000|  0%| F|  |TAMS 0x0000000084200000, 0x0000000084200000| Untracked 
|  49|0x0000000084300000, 0x0000000084300000, 0x0000000084400000|  0%| F|  |TAMS 0x0000000084300000, 0x0000000084300000| Untracked 
|  50|0x0000000084400000, 0x0000000084400000, 0x0000000084500000|  0%| F|  |TAMS 0x0000000084400000, 0x0000000084400000| Untracked 
|  51|0x0000000084500000, 0x0000000084500000, 0x0000000084600000|  0%| F|  |TAMS 0x0000000084500000, 0x0000000084500000| Untracked 
|  52|0x0000000084600000, 0x0000000084600000, 0x0000000084700000|  0%| F|  |TAMS 0x0000000084600000, 0x0000000084600000| Untracked 
|  53|0x0000000084700000, 0x0000000084700000, 0x0000000084800000|  0%| F|  |TAMS 0x0000000084700000, 0x0000000084700000| Untracked 
|  54|0x0000000084800000, 0x0000000084800000, 0x0000000084900000|  0%| F|  |TAMS 0x0000000084800000, 0x0000000084800000| Untracked 
|  55|0x0000000084900000, 0x0000000084900000, 0x0000000084a00000|  0%| F|  |TAMS 0x0000000084900000, 0x0000000084900000| Untracked 
|  56|0x0000000084a00000, 0x0000000084a00000, 0x0000000084b00000|  0%| F|  |TAMS 0x0000000084a00000, 0x0000000084a00000| Untracked 
|  57|0x0000000084b00000, 0x0000000084b00000, 0x0000000084c00000|  0%| F|  |TAMS 0x0000000084b00000, 0x0000000084b00000| Untracked 
|  58|0x0000000084c00000, 0x0000000084c00000, 0x0000000084d00000|  0%| F|  |TAMS 0x0000000084c00000, 0x0000000084c00000| Untracked 
|  59|0x0000000084d00000, 0x0000000084d00000, 0x0000000084e00000|  0%| F|  |TAMS 0x0000000084d00000, 0x0000000084d00000| Untracked 
|  60|0x0000000084e00000, 0x0000000084e00000, 0x0000000084f00000|  0%| F|  |TAMS 0x0000000084e00000, 0x0000000084e00000| Untracked 
|  61|0x0000000084f00000, 0x0000000084f00000, 0x0000000085000000|  0%| F|  |TAMS 0x0000000084f00000, 0x0000000084f00000| Untracked 
|  62|0x0000000085000000, 0x0000000085000000, 0x0000000085100000|  0%| F|  |TAMS 0x0000000085000000, 0x0000000085000000| Untracked 
|  63|0x0000000085100000, 0x0000000085100000, 0x0000000085200000|  0%| F|  |TAMS 0x0000000085100000, 0x0000000085100000| Untracked 
|  64|0x0000000085200000, 0x0000000085200000, 0x0000000085300000|  0%| F|  |TAMS 0x0000000085200000, 0x0000000085200000| Untracked 
|  65|0x0000000085300000, 0x0000000085300000, 0x0000000085400000|  0%| F|  |TAMS 0x0000000085300000, 0x0000000085300000| Untracked 
|  66|0x0000000085400000, 0x0000000085400000, 0x0000000085500000|  0%| F|  |TAMS 0x0000000085400000, 0x0000000085400000| Untracked 
|  67|0x0000000085500000, 0x0000000085500000, 0x0000000085600000|  0%| F|  |TAMS 0x0000000085500000, 0x0000000085500000| Untracked 
|  68|0x0000000085600000, 0x0000000085600000, 0x0000000085700000|  0%| F|  |TAMS 0x0000000085600000, 0x0000000085600000| Untracked 
|  69|0x0000000085700000, 0x0000000085700000, 0x0000000085800000|  0%| F|  |TAMS 0x0000000085700000, 0x0000000085700000| Untracked 
|  70|0x0000000085800000, 0x0000000085800000, 0x0000000085900000|  0%| F|  |TAMS 0x0000000085800000, 0x0000000085800000| Untracked 
|  71|0x0000000085900000, 0x0000000085900000, 0x0000000085a00000|  0%| F|  |TAMS 0x0000000085900000, 0x0000000085900000| Untracked 
|  72|0x0000000085a00000, 0x0000000085a00000, 0x0000000085b00000|  0%| F|  |TAMS 0x0000000085a00000, 0x0000000085a00000| Untracked 
|  73|0x0000000085b00000, 0x0000000085b00000, 0x0000000085c00000|  0%| F|  |TAMS 0x0000000085b00000, 0x0000000085b00000| Untracked 
|  74|0x0000000085c00000, 0x0000000085c00000, 0x0000000085d00000|  0%| F|  |TAMS 0x0000000085c00000, 0x0000000085c00000| Untracked 
|  75|0x0000000085d00000, 0x0000000085d00000, 0x0000000085e00000|  0%| F|  |TAMS 0x0000000085d00000, 0x0000000085d00000| Untracked 
|  76|0x0000000085e00000, 0x0000000085e00000, 0x0000000085f00000|  0%| F|  |TAMS 0x0000000085e00000, 0x0000000085e00000| Untracked 
|  77|0x0000000085f00000, 0x0000000085f00000, 0x0000000086000000|  0%| F|  |TAMS 0x0000000085f00000, 0x0000000085f00000| Untracked 
|  78|0x0000000086000000, 0x0000000086000000, 0x0000000086100000|  0%| F|  |TAMS 0x0000000086000000, 0x0000000086000000| Untracked 
|  79|0x0000000086100000, 0x0000000086100000, 0x0000000086200000|  0%| F|  |TAMS 0x0000000086100000, 0x0000000086100000| Untracked 
|  80|0x0000000086200000, 0x0000000086200000, 0x0000000086300000|  0%| F|  |TAMS 0x0000000086200000, 0x0000000086200000| Untracked 
|  81|0x0000000086300000, 0x0000000086300000, 0x0000000086400000|  0%| F|  |TAMS 0x0000000086300000, 0x0000000086300000| Untracked 
|  82|0x0000000086400000, 0x0000000086400000, 0x0000000086500000|  0%| F|  |TAMS 0x0000000086400000, 0x0000000086400000| Untracked 
|  83|0x0000000086500000, 0x0000000086500000, 0x0000000086600000|  0%| F|  |TAMS 0x0000000086500000, 0x0000000086500000| Untracked 
|  84|0x0000000086600000, 0x0000000086600000, 0x0000000086700000|  0%| F|  |TAMS 0x0000000086600000, 0x0000000086600000| Untracked 
|  85|0x0000000086700000, 0x0000000086700000, 0x0000000086800000|  0%| F|  |TAMS 0x0000000086700000, 0x0000000086700000| Untracked 
|  86|0x0000000086800000, 0x0000000086800000, 0x0000000086900000|  0%| F|  |TAMS 0x0000000086800000, 0x0000000086800000| Untracked 
|  87|0x0000000086900000, 0x0000000086900000, 0x0000000086a00000|  0%| F|  |TAMS 0x0000000086900000, 0x0000000086900000| Untracked 
|  88|0x0000000086a00000, 0x0000000086a00000, 0x0000000086b00000|  0%| F|  |TAMS 0x0000000086a00000, 0x0000000086a00000| Untracked 
|  89|0x0000000086b00000, 0x0000000086b00000, 0x0000000086c00000|  0%| F|  |TAMS 0x0000000086b00000, 0x0000000086b00000| Untracked 
|  90|0x0000000086c00000, 0x0000000086c00000, 0x0000000086d00000|  0%| F|  |TAMS 0x0000000086c00000, 0x0000000086c00000| Untracked 
|  91|0x0000000086d00000, 0x0000000086d00000, 0x0000000086e00000|  0%| F|  |TAMS 0x0000000086d00000, 0x0000000086d00000| Untracked 
|  92|0x0000000086e00000, 0x0000000086e00000, 0x0000000086f00000|  0%| F|  |TAMS 0x0000000086e00000, 0x0000000086e00000| Untracked 
|  93|0x0000000086f00000, 0x0000000086f00000, 0x0000000087000000|  0%| F|  |TAMS 0x0000000086f00000, 0x0000000086f00000| Untracked 
|  94|0x0000000087000000, 0x0000000087000000, 0x0000000087100000|  0%| F|  |TAMS 0x0000000087000000, 0x0000000087000000| Untracked 
|  95|0x0000000087100000, 0x0000000087100000, 0x0000000087200000|  0%| F|  |TAMS 0x0000000087100000, 0x0000000087100000| Untracked 
|  96|0x0000000087200000, 0x0000000087200000, 0x0000000087300000|  0%| F|  |TAMS 0x0000000087200000, 0x0000000087200000| Untracked 
|  97|0x0000000087300000, 0x0000000087300000, 0x0000000087400000|  0%| F|  |TAMS 0x0000000087300000, 0x0000000087300000| Untracked 
|  98|0x0000000087400000, 0x0000000087400000, 0x0000000087500000|  0%| F|  |TAMS 0x0000000087400000, 0x0000000087400000| Untracked 
|  99|0x0000000087500000, 0x0000000087500000, 0x0000000087600000|  0%| F|  |TAMS 0x0000000087500000, 0x0000000087500000| Untracked 
| 100|0x0000000087600000, 0x0000000087600000, 0x0000000087700000|  0%| F|  |TAMS 0x0000000087600000, 0x0000000087600000| Untracked 
| 101|0x0000000087700000, 0x0000000087700000, 0x0000000087800000|  0%| F|  |TAMS 0x0000000087700000, 0x0000000087700000| Untracked 
| 102|0x0000000087800000, 0x0000000087800000, 0x0000000087900000|  0%| F|  |TAMS 0x0000000087800000, 0x0000000087800000| Untracked 
| 103|0x0000000087900000, 0x0000000087900000, 0x0000000087a00000|  0%| F|  |TAMS 0x0000000087900000, 0x0000000087900000| Untracked 
| 104|0x0000000087a00000, 0x0000000087a00000, 0x0000000087b00000|  0%| F|  |TAMS 0x0000000087a00000, 0x0000000087a00000| Untracked 
| 105|0x0000000087b00000, 0x0000000087b00000, 0x0000000087c00000|  0%| F|  |TAMS 0x0000000087b00000, 0x0000000087b00000| Untracked 
| 106|0x0000000087c00000, 0x0000000087c00000, 0x0000000087d00000|  0%| F|  |TAMS 0x0000000087c00000, 0x0000000087c00000| Untracked 
| 107|0x0000000087d00000, 0x0000000087d00000, 0x0000000087e00000|  0%| F|  |TAMS 0x0000000087d00000, 0x0000000087d00000| Untracked 
| 108|0x0000000087e00000, 0x0000000087e00000, 0x0000000087f00000|  0%| F|  |TAMS 0x0000000087e00000, 0x0000000087e00000| Untracked 
| 109|0x0000000087f00000, 0x0000000087ffd688, 0x0000000088000000| 98%| S|CS|TAMS 0x0000000087f00000, 0x0000000087f00000| Complete 
| 110|0x0000000088000000, 0x0000000088000000, 0x0000000088100000|  0%| F|  |TAMS 0x0000000088000000, 0x0000000088000000| Untracked 
| 111|0x0000000088100000, 0x0000000088100000, 0x0000000088200000|  0%| F|  |TAMS 0x0000000088100000, 0x0000000088100000| Untracked 
| 112|0x0000000088200000, 0x0000000088200000, 0x0000000088300000|  0%| F|  |TAMS 0x0000000088200000, 0x0000000088200000| Untracked 
| 113|0x0000000088300000, 0x0000000088300000, 0x0000000088400000|  0%| F|  |TAMS 0x0000000088300000, 0x0000000088300000| Untracked 
| 114|0x0000000088400000, 0x0000000088400000, 0x0000000088500000|  0%| F|  |TAMS 0x0000000088400000, 0x0000000088400000| Untracked 
| 115|0x0000000088500000, 0x0000000088500000, 0x0000000088600000|  0%| F|  |TAMS 0x0000000088500000, 0x0000000088500000| Untracked 
| 116|0x0000000088600000, 0x0000000088700000, 0x0000000088700000|100%| E|  |TAMS 0x0000000088600000, 0x0000000088600000| Complete 
| 117|0x0000000088700000, 0x0000000088800000, 0x0000000088800000|100%| E|CS|TAMS 0x0000000088700000, 0x0000000088700000| Complete 
| 118|0x0000000088800000, 0x0000000088900000, 0x0000000088900000|100%| E|CS|TAMS 0x0000000088800000, 0x0000000088800000| Complete 
| 119|0x0000000088900000, 0x0000000088a00000, 0x0000000088a00000|100%| E|CS|TAMS 0x0000000088900000, 0x0000000088900000| Complete 
| 120|0x0000000088a00000, 0x0000000088b00000, 0x0000000088b00000|100%| E|CS|TAMS 0x0000000088a00000, 0x0000000088a00000| Complete 
| 121|0x0000000088b00000, 0x0000000088c00000, 0x0000000088c00000|100%| E|CS|TAMS 0x0000000088b00000, 0x0000000088b00000| Complete 
| 122|0x0000000088c00000, 0x0000000088d00000, 0x0000000088d00000|100%| E|CS|TAMS 0x0000000088c00000, 0x0000000088c00000| Complete 
| 123|0x0000000088d00000, 0x0000000088e00000, 0x0000000088e00000|100%| E|CS|TAMS 0x0000000088d00000, 0x0000000088d00000| Complete 
| 124|0x0000000088e00000, 0x0000000088f00000, 0x0000000088f00000|100%| E|CS|TAMS 0x0000000088e00000, 0x0000000088e00000| Complete 
| 125|0x0000000088f00000, 0x0000000089000000, 0x0000000089000000|100%| E|CS|TAMS 0x0000000088f00000, 0x0000000088f00000| Complete 
| 126|0x0000000089000000, 0x0000000089100000, 0x0000000089100000|100%| E|CS|TAMS 0x0000000089000000, 0x0000000089000000| Complete 
| 127|0x0000000089100000, 0x0000000089200000, 0x0000000089200000|100%| E|CS|TAMS 0x0000000089100000, 0x0000000089100000| Complete 

Card table byte_map: [0x000001ea0f000000,0x000001ea0f400000] _byte_map_base: 0x000001ea0ebf7000

Marking Bits (Prev, Next): (CMBitMap*) 0x000001ea78142eb0, (CMBitMap*) 0x000001ea78142ef0
 Prev Bits: [0x000001ea0f800000, 0x000001ea117b8000)
 Next Bits: [0x000001ea117c0000, 0x000001ea13778000)

Polling page: 0x000001ea75ef0000

Metaspace:

Usage:
  Non-class:      6.04 MB used.
      Class:    814.92 KB used.
       Both:      6.84 MB used.

Virtual space:
  Non-class space:        8.00 MB reserved,       6.19 MB ( 77%) committed,  1 nodes.
      Class space:        1.00 GB reserved,     960.00 KB ( <1%) committed,  1 nodes.
             Both:        1.01 GB reserved,       7.12 MB ( <1%) committed. 

Chunk freelists:
   Non-Class:  1.80 MB
       Class:  3.05 MB
        Both:  4.84 MB

MaxMetaspaceSize: unlimited
CompressedClassSpaceSize: 1.00 GB
Initial GC threshold: 21.00 MB
Current GC threshold: 21.00 MB
CDS: on
MetaspaceReclaimPolicy: balanced
 - commit_granule_bytes: 65536.
 - commit_granule_words: 8192.
 - virtual_space_node_default_size: 1048576.
 - enlarge_chunks_in_place: 1.
 - new_chunks_are_fully_committed: 0.
 - uncommit_free_chunks: 1.
 - use_allocation_guard: 0.
 - handle_deallocations: 1.


Internal statistics:

num_allocs_failed_limit: 0.
num_arena_births: 96.
num_arena_deaths: 0.
num_vsnodes_births: 2.
num_vsnodes_deaths: 0.
num_space_committed: 114.
num_space_uncommitted: 0.
num_chunks_returned_to_freelist: 0.
num_chunks_taken_from_freelist: 297.
num_chunk_merges: 0.
num_chunk_splits: 149.
num_chunks_enlarged: 81.
num_purges: 0.
num_inconsistent_stats: 0.

CodeHeap 'non-profiled nmethods': size=120000Kb used=516Kb max_used=516Kb free=119484Kb
 bounds [0x000001ea07ad0000, 0x000001ea07d40000, 0x000001ea0f000000]
CodeHeap 'profiled nmethods': size=120000Kb used=3086Kb max_used=3086Kb free=116913Kb
 bounds [0x000001ea005a0000, 0x000001ea008b0000, 0x000001ea07ad0000]
CodeHeap 'non-nmethods': size=5760Kb used=1221Kb max_used=1241Kb free=4538Kb
 bounds [0x000001ea00000000, 0x000001ea00270000, 0x000001ea005a0000]
 total_blobs=1905 nmethods=1462 adapters=356
 compilation: enabled
              stopped_count=0, restarted_count=0
 full_count=0

Compilation events (20 events):
Event: 2.233 Thread 0x000001ea15a76800 1456       3       java.lang.invoke.MethodHandles$Lookup::resolveOrFail (44 bytes)
Event: 2.234 Thread 0x000001ea15a76800 nmethod 1456 0x000001ea0089dd90 code [0x000001ea0089e060, 0x000001ea0089ed48]
Event: 2.234 Thread 0x000001ea15a76800 1458       3       jdk.internal.org.objectweb.asm.ClassVisitor::<init> (88 bytes)
Event: 2.236 Thread 0x000001ea15a76800 nmethod 1458 0x000001ea0089f210 code [0x000001ea0089f460, 0x000001ea0089fd68]
Event: 2.236 Thread 0x000001ea15a76800 1457       3       java.lang.invoke.MethodHandles$Lookup::getDirectMethodForConstant (72 bytes)
Event: 2.238 Thread 0x000001ea15a76800 nmethod 1457 0x000001ea008a0010 code [0x000001ea008a0360, 0x000001ea008a16a8]
Event: 2.238 Thread 0x000001ea16fdafb0 nmethod 1447% 0x000001ea07b4de10 code [0x000001ea07b4dfa0, 0x000001ea07b4e208]
Event: 2.238 Thread 0x000001ea15a76800 1459       3       jdk.internal.org.objectweb.asm.SymbolTable::<init> (41 bytes)
Event: 2.238 Thread 0x000001ea16fdafb0 1453       4       java.lang.StringUTF16::getChar (60 bytes)
Event: 2.238 Thread 0x000001ea15a76800 nmethod 1459 0x000001ea008a1d90 code [0x000001ea008a1f60, 0x000001ea008a24d8]
Event: 2.240 Thread 0x000001ea16fdafb0 nmethod 1453 0x000001ea07b4e490 code [0x000001ea07b4e600, 0x000001ea07b4e6d8]
Event: 2.240 Thread 0x000001ea16fdafb0 1448       4       org.eclipse.jdt.launching.internal.org.objectweb.asm.SymbolTable::addConstantMemberReference (29 bytes)
Event: 2.244 Thread 0x000001ea15a02040 nmethod 1441 0x000001ea07b4e790 code [0x000001ea07b4e920, 0x000001ea07b4f318]
Event: 2.245 Thread 0x000001ea15a76800 1460       3       java.util.regex.Pattern::peek (26 bytes)
Event: 2.245 Thread 0x000001ea15a76800 nmethod 1460 0x000001ea008a2610 code [0x000001ea008a27c0, 0x000001ea008a2a48]
Event: 2.245 Thread 0x000001ea15a76800 1461       3       java.util.regex.Pattern$BmpCharProperty::match (55 bytes)
Event: 2.245 Thread 0x000001ea15a76800 nmethod 1461 0x000001ea008a2b90 code [0x000001ea008a2d60, 0x000001ea008a3228]
Event: 2.245 Thread 0x000001ea15a76800 1462       3       java.util.regex.Pattern$GroupTail::match (111 bytes)
Event: 2.246 Thread 0x000001ea15a76800 nmethod 1462 0x000001ea008a3390 code [0x000001ea008a3560, 0x000001ea008a3948]
Event: 2.289 Thread 0x000001ea16fdafb0 nmethod 1448 0x000001ea07b4f910 code [0x000001ea07b4fae0, 0x000001ea07b50868]

GC Heap History (4 events):
Event: 1.543 GC heap before
{Heap before GC invocations=0 (full 0):
 garbage-first heap   total 131072K, used 13312K [0x0000000081200000, 0x0000000100000000)
  region size 1024K, 13 young (13312K), 0 survivors (0K)
 Metaspace       used 3391K, committed 3584K, reserved 1056768K
  class space    used 300K, committed 384K, reserved 1048576K
}
Event: 1.550 GC heap after
{Heap after GC invocations=1 (full 0):
 garbage-first heap   total 131072K, used 2048K [0x0000000081200000, 0x0000000100000000)
  region size 1024K, 2 young (2048K), 2 survivors (2048K)
 Metaspace       used 3391K, committed 3584K, reserved 1056768K
  class space    used 300K, committed 384K, reserved 1048576K
}
Event: 1.955 GC heap before
{Heap before GC invocations=1 (full 0):
 garbage-first heap   total 131072K, used 17408K [0x0000000081200000, 0x0000000100000000)
  region size 1024K, 18 young (18432K), 2 survivors (2048K)
 Metaspace       used 5633K, committed 5824K, reserved 1056768K
  class space    used 595K, committed 704K, reserved 1048576K
}
Event: 1.960 GC heap after
{Heap after GC invocations=2 (full 0):
 garbage-first heap   total 131072K, used 3014K [0x0000000081200000, 0x0000000100000000)
  region size 1024K, 1 young (1024K), 1 survivors (1024K)
 Metaspace       used 5633K, committed 5824K, reserved 1056768K
  class space    used 595K, committed 704K, reserved 1048576K
}

Deoptimization events (20 events):
Event: 2.165 Thread 0x000001ea780e9e60 DEOPT PACKING pc=0x000001ea07b49c48 sp=0x000000c9858fcb30
Event: 2.165 Thread 0x000001ea780e9e60 DEOPT UNPACKING pc=0x000001ea000523a3 sp=0x000000c9858fcab8 mode 2
Event: 2.225 Thread 0x000001ea780e9e60 Uncommon trap: trap_request=0xffffff45 fr.pc=0x000001ea07b003f8 relative=0x00000000000007b8
Event: 2.225 Thread 0x000001ea780e9e60 Uncommon trap: reason=unstable_if action=reinterpret pc=0x000001ea07b003f8 method=org.eclipse.jdt.launching.internal.org.objectweb.asm.ClassReader.readUtf(II[C)Ljava/lang/String; @ 41 c2
Event: 2.225 Thread 0x000001ea780e9e60 DEOPT PACKING pc=0x000001ea07b003f8 sp=0x000000c9858fa0f0
Event: 2.225 Thread 0x000001ea780e9e60 DEOPT UNPACKING pc=0x000001ea000523a3 sp=0x000000c9858fa068 mode 2
Event: 2.225 Thread 0x000001ea780e9e60 Uncommon trap: trap_request=0xffffff45 fr.pc=0x000001ea07ad9040 relative=0x00000000000001c0
Event: 2.225 Thread 0x000001ea780e9e60 Uncommon trap: reason=unstable_if action=reinterpret pc=0x000001ea07ad9040 method=java.lang.String.isLatin1()Z @ 10 c2
Event: 2.225 Thread 0x000001ea780e9e60 DEOPT PACKING pc=0x000001ea07ad9040 sp=0x000000c9858fa100
Event: 2.225 Thread 0x000001ea780e9e60 DEOPT UNPACKING pc=0x000001ea000523a3 sp=0x000000c9858fa030 mode 2
Event: 2.225 Thread 0x000001ea780e9e60 Uncommon trap: trap_request=0xffffff45 fr.pc=0x000001ea07afafec relative=0x00000000000006ac
Event: 2.225 Thread 0x000001ea780e9e60 Uncommon trap: reason=unstable_if action=reinterpret pc=0x000001ea07afafec method=org.eclipse.jdt.launching.internal.org.objectweb.asm.ClassReader.readUtf(II[C)Ljava/lang/String; @ 41 c2
Event: 2.225 Thread 0x000001ea780e9e60 DEOPT PACKING pc=0x000001ea07afafec sp=0x000000c9858fa050
Event: 2.225 Thread 0x000001ea780e9e60 DEOPT UNPACKING pc=0x000001ea000523a3 sp=0x000000c9858fa058 mode 2
Event: 2.228 Thread 0x000001ea780e9e60 Uncommon trap: trap_request=0xffffff45 fr.pc=0x000001ea07ae63c8 relative=0x0000000000000048
Event: 2.228 Thread 0x000001ea780e9e60 Uncommon trap: reason=unstable_if action=reinterpret pc=0x000001ea07ae63c8 method=java.lang.CharacterData.of(I)Ljava/lang/CharacterData; @ 4 c2
Event: 2.228 Thread 0x000001ea780e9e60 DEOPT PACKING pc=0x000001ea07ae63c8 sp=0x000000c9858fb940
Event: 2.228 Thread 0x000001ea780e9e60 DEOPT UNPACKING pc=0x000001ea000523a3 sp=0x000000c9858fb8e0 mode 2
Event: 2.229 Thread 0x000001ea780e9e60 DEOPT PACKING pc=0x000001ea0063363e sp=0x000000c9858fabd0
Event: 2.229 Thread 0x000001ea780e9e60 DEOPT UNPACKING pc=0x000001ea00052b43 sp=0x000000c9858fa070 mode 0

Classes unloaded (0 events):
No events

Classes redefined (1 events):
Event: 310.906 Thread 0x000001ea159e6b80 redefined class name=telran.text.comparators.datesComparator, count=1

Internal exceptions (20 events):
Event: 1.879 Thread 0x000001ea780e9e60 Exception <a 'java/lang/NoSuchMethodError'{0x000000008821d4c8}: 'java.lang.Object java.lang.invoke.DirectMethodHandle$Holder.newInvokeSpecial(java.lang.Object, java.lang.Object, java.lang.Object, java.lang.Object, java.lang.Object, java.lang.Object)'> (0x000000008821d4c8) 
thrown [t:\workspace\open\src\hotspot\share\interpreter\linkResolver.cpp, line 766]
Event: 1.890 Thread 0x000001ea780e9e60 Exception <a 'java/lang/NoSuchMethodError'{0x00000000882bc3e0}: 'void java.lang.invoke.DirectMethodHandle$Holder.invokeInterface(java.lang.Object, java.lang.Object, java.lang.Object, java.lang.Object, java.lang.Object)'> (0x00000000882bc3e0) 
thrown [t:\workspace\open\src\hotspot\share\interpreter\linkResolver.cpp, line 766]
Event: 1.891 Thread 0x000001ea780e9e60 Exception <a 'java/lang/IncompatibleClassChangeError'{0x00000000882c0358}: Found class java.lang.Object, but interface was expected> (0x00000000882c0358) 
thrown [t:\workspace\open\src\hotspot\share\interpreter\linkResolver.cpp, line 833]
Event: 1.901 Thread 0x000001ea780e9e60 Exception <a 'java/lang/IncompatibleClassChangeError'{0x000000008810f930}: Found class java.lang.Object, but interface was expected> (0x000000008810f930) 
thrown [t:\workspace\open\src\hotspot\share\interpreter\linkResolver.cpp, line 833]
Event: 1.909 Thread 0x000001ea780e9e60 Exception <a 'java/lang/NoSuchMethodError'{0x0000000088139710}: 'java.lang.Object java.lang.invoke.DirectMethodHandle$Holder.invokeStatic(java.lang.Object, java.lang.Object, int)'> (0x0000000088139710) 
thrown [t:\workspace\open\src\hotspot\share\interpreter\linkResolver.cpp, line 766]
Event: 1.927 Thread 0x000001ea780e9e60 Exception <a 'java/lang/NoSuchMethodError'{0x00000000881b2a80}: 'void java.lang.invoke.DirectMethodHandle$Holder.invokeSpecial(java.lang.Object, java.lang.Object, java.lang.Object, java.lang.Object, java.lang.Object)'> (0x00000000881b2a80) 
thrown [t:\workspace\open\src\hotspot\share\interpreter\linkResolver.cpp, line 766]
Event: 2.028 Thread 0x000001ea780e9e60 Exception <a 'java/lang/NoSuchMethodError'{0x0000000088e7fa78}: 'java.lang.Object java.lang.invoke.DirectMethodHandle$Holder.newInvokeSpecial(java.lang.Object, java.lang.Object, int)'> (0x0000000088e7fa78) 
thrown [t:\workspace\open\src\hotspot\share\interpreter\linkResolver.cpp, line 766]
Event: 2.042 Thread 0x000001ea780e9e60 Exception <a 'java/lang/NoSuchMethodError'{0x0000000088eee610}: 'void java.lang.invoke.DirectMethodHandle$Holder.invokeInterface(java.lang.Object, java.lang.Object, java.lang.Object, java.lang.Object)'> (0x0000000088eee610) 
thrown [t:\workspace\open\src\hotspot\share\interpreter\linkResolver.cpp, line 766]
Event: 2.043 Thread 0x000001ea780e9e60 Exception <a 'java/lang/IncompatibleClassChangeError'{0x0000000088ef1f38}: Found class java.lang.Object, but interface was expected> (0x0000000088ef1f38) 
thrown [t:\workspace\open\src\hotspot\share\interpreter\linkResolver.cpp, line 833]
Event: 2.048 Thread 0x000001ea780e9e60 Exception <a 'java/lang/NoSuchMethodError'{0x0000000088d168c0}: 'void java.lang.invoke.DirectMethodHandle$Holder.invokeStatic(java.lang.Object, java.lang.Object, java.lang.Object, java.lang.Object)'> (0x0000000088d168c0) 
thrown [t:\workspace\open\src\hotspot\share\interpreter\linkResolver.cpp, line 766]
Event: 2.067 Thread 0x000001ea780e9e60 Exception <a 'java/lang/NoSuchMethodError'{0x0000000088df8de8}: 'int java.lang.invoke.DirectMethodHandle$Holder.invokeStatic(java.lang.Object, java.lang.Object, java.lang.Object, java.lang.Object)'> (0x0000000088df8de8) 
thrown [t:\workspace\open\src\hotspot\share\interpreter\linkResolver.cpp, line 766]
Event: 2.068 Thread 0x000001ea780e9e60 Exception <a 'java/lang/NoSuchMethodError'{0x0000000088dfc768}: 'java.lang.Object java.lang.invoke.Invokers$Holder.invokeExact_MT(java.lang.Object, java.lang.Object, java.lang.Object, java.lang.Object, java.lang.Object, java.lang.Object)'> (0x0000000088dfc768) 
thrown [t:\workspace\open\src\hotspot\share\interpreter\linkResolver.cpp, line 766]
Event: 2.071 Thread 0x000001ea780e9e60 Exception <a 'java/lang/NoSuchMethodError'{0x0000000088c0d7e8}: 'int java.lang.invoke.DirectMethodHandle$Holder.invokeStatic(java.lang.Object, java.lang.Object, java.lang.Object, java.lang.Object, java.lang.Object)'> (0x0000000088c0d7e8) 
thrown [t:\workspace\open\src\hotspot\share\interpreter\linkResolver.cpp, line 766]
Event: 2.087 Thread 0x000001ea780e9e60 Exception <a 'java/lang/NoSuchMethodError'{0x0000000088c9b0e0}: 'void java.lang.invoke.DirectMethodHandle$Holder.invokeStaticInit(java.lang.Object)'> (0x0000000088c9b0e0) 
thrown [t:\workspace\open\src\hotspot\share\interpreter\linkResolver.cpp, line 766]
Event: 2.145 Thread 0x000001ea780e9e60 Exception <a 'java/lang/NoSuchMethodError'{0x000000008894d070}: 'int java.lang.invoke.DirectMethodHandle$Holder.invokeStaticInit(java.lang.Object, java.lang.Object)'> (0x000000008894d070) 
thrown [t:\workspace\open\src\hotspot\share\interpreter\linkResolver.cpp, line 766]
Event: 2.154 Thread 0x000001ea780e9e60 Exception <a 'java/lang/NoSuchMethodError'{0x000000008880c138}: 'int java.lang.invoke.DirectMethodHandle$Holder.invokeInterface(java.lang.Object, java.lang.Object)'> (0x000000008880c138) 
thrown [t:\workspace\open\src\hotspot\share\interpreter\linkResolver.cpp, line 766]
Event: 2.192 Thread 0x000001ea780e9e60 Exception <a 'java/lang/NoSuchMethodError'{0x000000008871c5b8}: 'java.lang.Object java.lang.invoke.DirectMethodHandle$Holder.newInvokeSpecial(java.lang.Object, java.lang.Object, java.lang.Object, java.lang.Object, java.lang.Object, java.lang.Object, java.lang.Object)'> (0x000000008871c5b8) 
thrown [t:\workspace\open\src\hotspot\share\interpreter\linkResolver.cpp, line 766]
Event: 2.192 Thread 0x000001ea780e9e60 Exception <a 'java/lang/NoSuchMethodError'{0x0000000088721170}: 'java.lang.Object java.lang.invoke.Invokers$Holder.linkToTargetMethod(java.lang.Object, java.lang.Object, java.lang.Object, java.lang.Object, java.lang.Object, java.lang.Object, java.lang.Object)'> (0x0000000088721170) 
thrown [t:\workspace\open\src\hotspot\share\interpreter\linkResolver.cpp, line 766]
Event: 2.193 Thread 0x000001ea780e9e60 Exception <a 'java/lang/NoSuchMethodError'{0x0000000088727638}: 'java.lang.Object java.lang.invoke.DirectMethodHandle$Holder.invokeInterface(java.lang.Object, java.lang.Object, java.lang.Object, java.lang.Object, java.lang.Object)'> (0x0000000088727638) 
thrown [t:\workspace\open\src\hotspot\share\interpreter\linkResolver.cpp, line 766]
Event: 2.193 Thread 0x000001ea780e9e60 Exception <a 'java/lang/IncompatibleClassChangeError'{0x000000008872b430}: Found class java.lang.Object, but interface was expected> (0x000000008872b430) 
thrown [t:\workspace\open\src\hotspot\share\interpreter\linkResolver.cpp, line 833]

VM Operations (20 events):
Event: 292.483 Executing VM operation: get/set locals
Event: 292.483 Executing VM operation: get/set locals done
Event: 292.484 Executing VM operation: get/set locals
Event: 292.484 Executing VM operation: get/set locals done
Event: 310.889 Executing VM operation: ChangeSingleStep
Event: 310.889 Executing VM operation: ChangeSingleStep done
Event: 310.889 Executing VM operation: ChangeSingleStep
Event: 310.889 Executing VM operation: ChangeSingleStep done
Event: 310.898 Executing VM operation: RedefineClasses
Event: 310.915 Executing VM operation: RedefineClasses done
Event: 310.931 Executing VM operation: ChangeBreakpoints
Event: 310.932 Executing VM operation: ChangeBreakpoints done
Event: 310.938 Executing VM operation: ChangeSingleStep
Event: 310.938 Executing VM operation: ChangeSingleStep done
Event: 310.939 Executing VM operation: get/set locals
Event: 310.939 Executing VM operation: get/set locals done
Event: 310.943 Executing VM operation: ChangeSingleStep
Event: 310.943 Executing VM operation: ChangeSingleStep done
Event: 311.274 Executing VM operation: get/set locals
Event: 311.274 Executing VM operation: get/set locals done

Events (20 events):
Event: 2.142 loading class java/util/concurrent/CancellationException
Event: 2.142 loading class java/util/concurrent/CancellationException done
Event: 2.142 loading class java/util/concurrent/ExecutionException
Event: 2.142 loading class java/util/concurrent/ExecutionException done
Event: 2.180 loading class java/util/stream/SpinedBuffer
Event: 2.180 loading class java/util/stream/AbstractSpinedBuffer
Event: 2.180 loading class java/util/stream/AbstractSpinedBuffer done
Event: 2.180 loading class java/util/stream/SpinedBuffer done
Event: 2.180 loading class java/util/function/BooleanSupplier
Event: 2.180 loading class java/util/function/BooleanSupplier done
Event: 2.197 loading class java/util/ArrayList$ListItr
Event: 2.197 loading class java/util/ArrayList$ListItr done
Event: 2.203 loading class sun/nio/ch/IOStatus
Event: 2.203 loading class sun/nio/ch/IOStatus done
Event: 2.226 loading class java/time/format/DateTimeParseException
Event: 2.226 loading class java/time/DateTimeException
Event: 2.226 loading class java/time/DateTimeException done
Event: 2.226 loading class java/time/format/DateTimeParseException done
Event: 7.302 Thread 0x000001ea16fdafb0 Thread exited: 0x000001ea16fdafb0
Event: 302.032 Thread 0x000001ea165a0ed0 Thread exited: 0x000001ea165a0ed0


Dynamic libraries:
0x00007ff6979d0000 - 0x00007ff6979e0000 	D:\Programs\Java\jdk-17.0.3.1\bin\javaw.exe
0x00007ffb46f70000 - 0x00007ffb47168000 	C:\WINDOWS\SYSTEM32\ntdll.dll
0x00007ffb196c0000 - 0x00007ffb196d7000 	C:\Program Files\AVAST Software\Avast\aswhook.dll
0x00007ffb46990000 - 0x00007ffb46a4d000 	C:\WINDOWS\System32\KERNEL32.DLL
0x00007ffb44920000 - 0x00007ffb44bee000 	C:\WINDOWS\System32\KERNELBASE.dll
0x00007ffb44cb0000 - 0x00007ffb44db0000 	C:\WINDOWS\System32\ucrtbase.dll
0x00007ffb30f50000 - 0x00007ffb30f68000 	D:\Programs\Java\jdk-17.0.3.1\bin\jli.dll
0x00007ffb46a80000 - 0x00007ffb46b2e000 	C:\WINDOWS\System32\ADVAPI32.dll
0x00007ffb452d0000 - 0x00007ffb4536e000 	C:\WINDOWS\System32\msvcrt.dll
0x00007ffb46d40000 - 0x00007ffb46ddc000 	C:\WINDOWS\System32\sechost.dll
0x00007ffb46df0000 - 0x00007ffb46f15000 	C:\WINDOWS\System32\RPCRT4.dll
0x00007ffb467f0000 - 0x00007ffb46990000 	C:\WINDOWS\System32\USER32.dll
0x00007ffb44ec0000 - 0x00007ffb44ee2000 	C:\WINDOWS\System32\win32u.dll
0x00007ffb465c0000 - 0x00007ffb465ea000 	C:\WINDOWS\System32\GDI32.dll
0x00007ffb44db0000 - 0x00007ffb44ebb000 	C:\WINDOWS\System32\gdi32full.dll
0x00007ffb44690000 - 0x00007ffb4472d000 	C:\WINDOWS\System32\msvcp_win.dll
0x00007ffb39280000 - 0x00007ffb3929a000 	D:\Programs\Java\jdk-17.0.3.1\bin\VCRUNTIME140.dll
0x00007ffb33860000 - 0x00007ffb33afa000 	C:\WINDOWS\WinSxS\amd64_microsoft.windows.common-controls_6595b64144ccf1df_6.0.19041.1110_none_60b5254171f9507e\COMCTL32.dll
0x00007ffb36570000 - 0x00007ffb3657a000 	C:\WINDOWS\SYSTEM32\VERSION.dll
0x00007ffb46a50000 - 0x00007ffb46a80000 	C:\WINDOWS\System32\IMM32.DLL
0x00007ffb401c0000 - 0x00007ffb401cc000 	D:\Programs\Java\jdk-17.0.3.1\bin\vcruntime140_1.dll
0x00007ffb30ec0000 - 0x00007ffb30f4d000 	D:\Programs\Java\jdk-17.0.3.1\bin\msvcp140.dll
0x00007ffadf0e0000 - 0x00007ffadfca0000 	D:\Programs\Java\jdk-17.0.3.1\bin\server\jvm.dll
0x00007ffb46de0000 - 0x00007ffb46de8000 	C:\WINDOWS\System32\PSAPI.DLL
0x00007ffb2e3c0000 - 0x00007ffb2e3c9000 	C:\WINDOWS\SYSTEM32\WSOCK32.dll
0x00007ffb36390000 - 0x00007ffb363b7000 	C:\WINDOWS\SYSTEM32\WINMM.dll
0x00007ffb46760000 - 0x00007ffb467cb000 	C:\WINDOWS\System32\WS2_32.dll
0x00007ffb42590000 - 0x00007ffb425a2000 	C:\WINDOWS\SYSTEM32\kernel.appcore.dll
0x00007ffb3f250000 - 0x00007ffb3f25a000 	D:\Programs\Java\jdk-17.0.3.1\bin\jimage.dll
0x00007ffb31a40000 - 0x00007ffb31c24000 	C:\WINDOWS\SYSTEM32\DBGHELP.DLL
0x00007ffb31a10000 - 0x00007ffb31a3c000 	C:\WINDOWS\SYSTEM32\dbgcore.DLL
0x00007ffb44730000 - 0x00007ffb447b2000 	C:\WINDOWS\System32\bcryptPrimitives.dll
0x00007ffb32f20000 - 0x00007ffb32f5b000 	D:\Programs\Java\jdk-17.0.3.1\bin\jdwp.dll
0x00007ffb3dba0000 - 0x00007ffb3dbae000 	D:\Programs\Java\jdk-17.0.3.1\bin\instrument.dll
0x00007ffb30e90000 - 0x00007ffb30eb5000 	D:\Programs\Java\jdk-17.0.3.1\bin\java.dll
0x00007ffb2a220000 - 0x00007ffb2a2f6000 	D:\Programs\Java\jdk-17.0.3.1\bin\jsvml.dll
0x00007ffb45880000 - 0x00007ffb45fc4000 	C:\WINDOWS\System32\SHELL32.dll
0x00007ffb42790000 - 0x00007ffb42f24000 	C:\WINDOWS\SYSTEM32\windows.storage.dll
0x00007ffb45520000 - 0x00007ffb45874000 	C:\WINDOWS\System32\combase.dll
0x00007ffb440a0000 - 0x00007ffb440d0000 	C:\WINDOWS\SYSTEM32\Wldp.dll
0x00007ffb45150000 - 0x00007ffb451fd000 	C:\WINDOWS\System32\SHCORE.dll
0x00007ffb450f0000 - 0x00007ffb45145000 	C:\WINDOWS\System32\shlwapi.dll
0x00007ffb445d0000 - 0x00007ffb445ef000 	C:\WINDOWS\SYSTEM32\profapi.dll
0x00007ffb3db90000 - 0x00007ffb3db9c000 	D:\Programs\Java\jdk-17.0.3.1\bin\dt_socket.dll
0x00007ffb43a70000 - 0x00007ffb43aab000 	C:\WINDOWS\SYSTEM32\IPHLPAPI.DLL
0x00007ffb43dd0000 - 0x00007ffb43e3a000 	C:\WINDOWS\system32\mswsock.dll
0x00007ffb43ab0000 - 0x00007ffb43b7b000 	C:\WINDOWS\SYSTEM32\DNSAPI.dll
0x00007ffb46f20000 - 0x00007ffb46f28000 	C:\WINDOWS\System32\NSI.dll
0x00007ffb2f420000 - 0x00007ffb2f42a000 	C:\Windows\System32\rasadhlp.dll
0x00007ffb2fb30000 - 0x00007ffb2fbb0000 	C:\WINDOWS\System32\fwpuclnt.dll
0x00007ffb44fa0000 - 0x00007ffb44fc7000 	C:\WINDOWS\System32\bcrypt.dll
0x00007ffb2fa70000 - 0x00007ffb2fa88000 	D:\Programs\Java\jdk-17.0.3.1\bin\zip.dll
0x00007ffb30e70000 - 0x00007ffb30e89000 	D:\Programs\Java\jdk-17.0.3.1\bin\net.dll
0x00007ffb3afd0000 - 0x00007ffb3b0da000 	C:\WINDOWS\SYSTEM32\WINHTTP.dll
0x00007ffb2fa90000 - 0x00007ffb2faa6000 	D:\Programs\Java\jdk-17.0.3.1\bin\nio.dll
0x00007ffb3ec40000 - 0x00007ffb3ec50000 	D:\Programs\Java\jdk-17.0.3.1\bin\verify.dll
0x00007ffb38310000 - 0x00007ffb38327000 	C:\WINDOWS\SYSTEM32\dhcpcsvc6.DLL
0x00007ffb3ae70000 - 0x00007ffb3ae8d000 	C:\WINDOWS\SYSTEM32\dhcpcsvc.DLL

dbghelp: loaded successfully - version: 4.0.5 - missing functions: none
symbol engine: initialized successfully - sym options: 0x614 - pdb path: .;D:\Programs\Java\jdk-17.0.3.1\bin;C:\WINDOWS\SYSTEM32;C:\Program Files\AVAST Software\Avast;C:\WINDOWS\WinSxS\amd64_microsoft.windows.common-controls_6595b64144ccf1df_6.0.19041.1110_none_60b5254171f9507e;D:\Programs\Java\jdk-17.0.3.1\bin\server

VM Arguments:
jvm_args: -XX:+ShowCodeDetailsInExceptionMessages -agentlib:jdwp=transport=dt_socket,suspend=y,address=localhost:28142 -ea -javaagent:D:\Programs\Java\eclipse\eclipse\configuration\org.eclipse.osgi\225\0\.cp\lib\javaagent-shaded.jar -Dfile.encoding=Cp1251 
java_command: org.eclipse.jdt.internal.junit.runner.RemoteTestRunner -version 3 -port 28141 -testLoaderClass org.eclipse.jdt.internal.junit5.runner.JUnit5TestLoader -loaderpluginname org.eclipse.jdt.junit5.runtime -classNames telran.text.tests.StringsTests
java_class_path (initial): D:\Programs\Java\eclipse-workspace\java-oop\bin;C:\Users\Michael\.p2\pool\plugins\org.junit.jupiter.api_5.8.1.v20211018-1956.jar;C:\Users\Michael\.p2\pool\plugins\org.junit.jupiter.engine_5.8.1.v20211018-1956.jar;C:\Users\Michael\.p2\pool\plugins\org.junit.jupiter.migrationsupport_5.8.1.v20211018-1956.jar;C:\Users\Michael\.p2\pool\plugins\org.junit.jupiter.params_5.8.1.v20211018-1956.jar;C:\Users\Michael\.p2\pool\plugins\org.junit.platform.commons_1.8.1.v20211018-1956.jar;C:\Users\Michael\.p2\pool\plugins\org.junit.platform.engine_1.8.1.v20211018-1956.jar;C:\Users\Michael\.p2\pool\plugins\org.junit.platform.launcher_1.8.1.v20211018-1956.jar;C:\Users\Michael\.p2\pool\plugins\org.junit.platform.runner_1.8.1.v20211018-1956.jar;C:\Users\Michael\.p2\pool\plugins\org.junit.platform.suite.api_1.8.1.v20211018-1956.jar;C:\Users\Michael\.p2\pool\plugins\org.junit.platform.suite.engine_1.8.1.v20211028-1957.jar;C:\Users\Michael\.p2\pool\plugins\org.junit.platform.suite.commons_1.8.1.v20211018-1956.jar;C:\Users\Michael\.p2\pool\plugins\org.junit.vintage.engine_5.8.1.v20211018-1956.jar;C:\Users\Michael\.p2\pool\plugins\org.opentest4j_1.2.0.v20211018-1956.jar;C:\Users\Michael\.p2\pool\plugins\org.apiguardian_1.1.2.v20211018-1956.jar;C:\Users\Michael\.p2\pool\plugins\org.junit_4.13.2.v20211018-1956.jar;C:\Users\Michael\.p2\pool\plugins\org.hamcrest.core_1.3.0.v20180420-1519.jar;D:\Programs\Java\eclipse\eclipse\configuration\org.eclipse.osgi\224\0\.cp;D:\Programs\Java\eclipse\eclipse\configuration\org.eclipse.osgi\222\0\.cp
Launcher Type: SUN_STANDARD

[Global flags]
     intx CICompilerCount                          = 3                                         {product} {ergonomic}
     uint ConcGCThreads                            = 1                                         {product} {ergonomic}
     uint G1ConcRefinementThreads                  = 4                                         {product} {ergonomic}
   size_t G1HeapRegionSize                         = 1048576                                   {product} {ergonomic}
    uintx GCDrainStackTargetSize                   = 64                                        {product} {ergonomic}
   size_t InitialHeapSize                          = 134217728                                 {product} {ergonomic}
   size_t MarkStackSize                            = 4194304                                   {product} {ergonomic}
   size_t MaxHeapSize                              = 2128609280                                {product} {ergonomic}
   size_t MaxNewSize                               = 1277165568                                {product} {ergonomic}
   size_t MinHeapDeltaBytes                        = 1048576                                   {product} {ergonomic}
   size_t MinHeapSize                              = 8388608                                   {product} {ergonomic}
    uintx NonNMethodCodeHeapSize                   = 5832780                                {pd product} {ergonomic}
    uintx NonProfiledCodeHeapSize                  = 122912730                              {pd product} {ergonomic}
    uintx ProfiledCodeHeapSize                     = 122912730                              {pd product} {ergonomic}
    uintx ReservedCodeCacheSize                    = 251658240                              {pd product} {ergonomic}
     bool SegmentedCodeCache                       = true                                      {product} {ergonomic}
     bool ShowCodeDetailsInExceptionMessages       = true                                   {manageable} {command line}
   size_t SoftMaxHeapSize                          = 2128609280                             {manageable} {ergonomic}
     bool UseCompressedClassPointers               = true                           {product lp64_product} {ergonomic}
     bool UseCompressedOops                        = true                           {product lp64_product} {ergonomic}
     bool UseG1GC                                  = true                                      {product} {ergonomic}
     bool UseLargePagesIndividualAllocation        = false                                  {pd product} {ergonomic}

Logging:
Log output configuration:
 #0: stdout all=warning uptime,level,tags
 #1: stderr all=off uptime,level,tags

Environment Variables:
PATH=C:\Program Files\Common Files\Oracle\Java\javapath;C:\WINDOWS\system32;C:\WINDOWS;C:\WINDOWS\System32\Wbem;C:\WINDOWS\System32\WindowsPowerShell\v1.0\;C:\WINDOWS\System32\OpenSSH\;C:\Program Files\Git\cmd;C:\Program Files\nodejs\;C:\Users\Michael\AppData\Local\Microsoft\WindowsApps;C:\Users\Michael\AppData\Local\Programs\Microsoft VS Code\bin;C:\Users\Michael\AppData\Roaming\npm
USERNAME=Michael
OS=Windows_NT
PROCESSOR_IDENTIFIER=Intel64 Family 6 Model 69 Stepping 1, GenuineIntel



---------------  S Y S T E M  ---------------

OS:
 Windows 10 , 64 bit Build 19041 (10.0.19041.1806)
OS uptime: 0 days 5:46 hours

CPU: total 4 (initial active 4) (2 cores per cpu, 2 threads per core) family 6 model 69 stepping 1 microcode 0x25, cx8, cmov, fxsr, ht, mmx, sse, sse2, sse3, ssse3, sse4.1, sse4.2, popcnt, lzcnt, tsc, tscinvbit, avx, avx2, aes, erms, clmul, bmi1, bmi2, fma, vzeroupper, clflush

Memory: 4k page, system-wide physical 8119M (2631M free)
TotalPageFile size 9143M (AvailPageFile size 2260M)
current process WorkingSet (physical memory assigned to process): 69M, peak: 76M
current process commit charge ("private bytes"): 214M, peak: 220M

vm_info: Java HotSpot(TM) 64-Bit Server VM (17.0.3.1+2-LTS-6) for windows-amd64 JRE (17.0.3.1+2-LTS-6), built on Apr 25 2022 22:04:21 by "mach5one" with MS VC++ 16.8 / 16.9 (VS2019)

END.
